app/build/outputs/logs/manifest-merger-debug-report.txt
-- Merging decision tree log ---
manifest
ADDED from src\main\AndroidManifest.xml:2:1-127:12
	package
		ADDED from src\main\AndroidManifest.xml:3:5-36
		INJECTED from src\main\AndroidManifest.xml
		INJECTED from src\main\AndroidManifest.xml
	android:versionName
		INJECTED from src\main\AndroidManifest.xml
		INJECTED from src\main\AndroidManifest.xml
	xmlns:android
		ADDED from src\main\AndroidManifest.xml:2:11-69
	android:versionCode
		INJECTED from src\main\AndroidManifest.xml
		INJECTED from src\main\AndroidManifest.xml
permission#com.example.ysl.mywps.permission.JPUSH_MESSAGE
ADDED from src\main\AndroidManifest.xml:7:5-8:47
MERGED from [cn.jiguang.sdk:jpush:3.1.1] AndroidManifest.xml:11:5-13:47
	android:protectionLevel
		ADDED from src\main\AndroidManifest.xml:8:9-44
	android:name
		ADDED from src\main\AndroidManifest.xml:7:17-78
uses-permission#android.permission.RECEIVE_USER_PRESENT
ADDED from src\main\AndroidManifest.xml:10:5-79
MERGED from [cn.jiguang.sdk:jpush:3.1.1] AndroidManifest.xml:17:5-79
	android:name
		ADDED from src\main\AndroidManifest.xml:10:22-76
uses-permission#android.permission.WAKE_LOCK
ADDED from src\main\AndroidManifest.xml:11:5-68
MERGED from [cn.jiguang.sdk:jpush:3.1.1] AndroidManifest.xml:19:5-68
	android:name
		ADDED from src\main\AndroidManifest.xml:11:22-65
uses-permission#android.permission.READ_PHONE_STATE
ADDED from src\main\AndroidManifest.xml:12:5-75
MERGED from [cn.jiguang.sdk:jpush:3.1.1] AndroidManifest.xml:20:5-75
	android:name
		ADDED from src\main\AndroidManifest.xml:12:22-72
uses-permission#android.permission.VIBRATE
ADDED from src\main\AndroidManifest.xml:13:5-66
MERGED from [cn.jiguang.sdk:jpush:3.1.1] AndroidManifest.xml:24:5-66
	android:name
		ADDED from src\main\AndroidManifest.xml:13:22-63
uses-permission#android.permission.MOUNT_UNMOUNT_FILESYSTEMS
ADDED from src\main\AndroidManifest.xml:14:5-84
MERGED from [cn.jiguang.sdk:jpush:3.1.1] AndroidManifest.xml:25:5-84
	android:name
		ADDED from src\main\AndroidManifest.xml:14:22-81
uses-permission#android.permission.ACCESS_NETWORK_STATE
ADDED from src\main\AndroidManifest.xml:15:5-79
MERGED from [cn.jiguang.sdk:jpush:3.1.1] AndroidManifest.xml:26:5-79
	android:name
		ADDED from src\main\AndroidManifest.xml:15:22-76
uses-permission#android.permission.WRITE_SETTINGS
ADDED from src\main\AndroidManifest.xml:16:5-73
MERGED from [cn.jiguang.sdk:jpush:3.1.1] AndroidManifest.xml:23:5-73
	android:name
		ADDED from src\main\AndroidManifest.xml:16:22-70
uses-permission#android.permission.ACCESS_WIFI_STATE
ADDED from src\main\AndroidManifest.xml:17:5-76
MERGED from [cn.jiguang.sdk:jpush:3.1.1] AndroidManifest.xml:27:5-76
	android:name
		ADDED from src\main\AndroidManifest.xml:17:22-73
uses-permission#android.permission.SYSTEM_ALERT_WINDOW
ADDED from src\main\AndroidManifest.xml:20:5-78
MERGED from [cn.jiguang.sdk:jpush:3.1.1] AndroidManifest.xml:30:5-78
	android:name
		ADDED from src\main\AndroidManifest.xml:20:22-75
uses-permission#android.permission.ACCESS_COARSE_LOCATION
ADDED from src\main\AndroidManifest.xml:21:5-81
MERGED from [cn.jiguang.sdk:jpush:3.1.1] AndroidManifest.xml:31:5-81
	android:name
		ADDED from src\main\AndroidManifest.xml:21:22-78
uses-permission#android.permission.CHANGE_WIFI_STATE
ADDED from src\main\AndroidManifest.xml:22:5-76
MERGED from [cn.jiguang.sdk:jpush:3.1.1] AndroidManifest.xml:32:5-76
	android:name
		ADDED from src\main\AndroidManifest.xml:22:22-73
uses-permission#android.permission.ACCESS_FINE_LOCATION
ADDED from src\main\AndroidManifest.xml:23:5-79
MERGED from [cn.jiguang.sdk:jpush:3.1.1] AndroidManifest.xml:33:5-79
	android:name
		ADDED from src\main\AndroidManifest.xml:23:22-76
uses-permission#android.permission.ACCESS_LOCATION_EXTRA_COMMANDS
ADDED from src\main\AndroidManifest.xml:24:5-89
MERGED from [cn.jiguang.sdk:jpush:3.1.1] AndroidManifest.xml:34:5-89
	android:name
		ADDED from src\main\AndroidManifest.xml:24:22-86
uses-permission#android.permission.CHANGE_NETWORK_STATE
ADDED from src\main\AndroidManifest.xml:25:5-79
MERGED from [cn.jiguang.sdk:jpush:3.1.1] AndroidManifest.xml:35:5-79
	android:name
		ADDED from src\main\AndroidManifest.xml:25:22-76
uses-permission#android.permission.GET_TASKS
ADDED from src\main\AndroidManifest.xml:26:5-68
	android:name
		ADDED from src\main\AndroidManifest.xml:26:22-65
uses-permission#android.permission.READ_EXTERNAL_STORAGE
ADDED from src\main\AndroidManifest.xml:28:5-80
MERGED from [cn.jiguang.sdk:jpush:3.1.1] AndroidManifest.xml:22:5-80
	android:name
		ADDED from src\main\AndroidManifest.xml:28:22-77
uses-permission#android.permission.WRITE_EXTERNAL_STORAGE
ADDED from src\main\AndroidManifest.xml:29:5-81
MERGED from [cn.jiguang.sdk:jpush:3.1.1] AndroidManifest.xml:21:5-81
	android:name
		ADDED from src\main\AndroidManifest.xml:29:22-78
uses-permission#android.permission.INTERNET
ADDED from src\main\AndroidManifest.xml:30:5-66
MERGED from [cn.jiguang.sdk:jpush:3.1.1] AndroidManifest.xml:18:5-67
	android:name
		ADDED from src\main\AndroidManifest.xml:30:22-64
application
ADDED from src\main\AndroidManifest.xml:31:5-125:19
MERGED from [cn.jiguang.sdk:jpush:3.1.1] AndroidManifest.xml:37:5-131:19
MERGED from [cn.jiguang.sdk:jcore:1.1.9] AndroidManifest.xml:11:5-12:19
MERGED from [MyWps:pulltoRefresh:unspecified] AndroidManifest.xml:11:5-20
MERGED from [MyWps:fit7:unspecified] AndroidManifest.xml:11:5-21:19
MERGED from [com.github.navasmdc:MaterialDesign:1.5] AndroidManifest.xml:11:5-47
MERGED from [com.android.support:appcompat-v7:26.0.0-alpha1] AndroidManifest.xml:29:5-20
MERGED from [com.android.support:support-v4:26.0.0-alpha1] AndroidManifest.xml:29:5-20
MERGED from [com.android.support:support-media-compat:26.0.0-alpha1] AndroidManifest.xml:29:5-20
MERGED from [com.android.support:support-fragment:26.0.0-alpha1] AndroidManifest.xml:29:5-20
MERGED from [com.android.support:support-core-ui:26.0.0-alpha1] AndroidManifest.xml:29:5-20
MERGED from [com.android.support:support-core-utils:26.0.0-alpha1] AndroidManifest.xml:29:5-20
MERGED from [com.android.support:animated-vector-drawable:26.0.0-alpha1] AndroidManifest.xml:26:5-20
MERGED from [com.android.support:support-vector-drawable:26.0.0-alpha1] AndroidManifest.xml:26:5-20
MERGED from [com.android.support:support-compat:26.0.0-alpha1] AndroidManifest.xml:29:5-20
	android:label
		ADDED from src\main\AndroidManifest.xml:35:9-41
	android:supportsRtl
		ADDED from src\main\AndroidManifest.xml:37:9-35
	android:roundIcon
		ADDED from src\main\AndroidManifest.xml:36:9-48
	android:icon
		ADDED from src\main\AndroidManifest.xml:34:9-43
	android:allowBackup
		ADDED from [com.github.navasmdc:MaterialDesign:1.5] AndroidManifest.xml:11:18-44
	android:theme
		ADDED from src\main\AndroidManifest.xml:38:9-40
	android:name
		ADDED from src\main\AndroidManifest.xml:32:9-50
activity#com.example.ysl.mywps.ui.activity.MainActivity
ADDED from src\main\AndroidManifest.xml:39:9-45:20
	android:screenOrientation
		ADDED from src\main\AndroidManifest.xml:41:13-49
	android:launchMode
		ADDED from src\main\AndroidManifest.xml:42:13-44
	android:name
		ADDED from src\main\AndroidManifest.xml:40:13-53
activity#com.example.ysl.mywps.ui.activity.BaseActivity
ADDED from src\main\AndroidManifest.xml:46:9-62
	android:name
		ADDED from src\main\AndroidManifest.xml:46:19-59
activity#com.example.ysl.mywps.ui.activity.DocumentFlowActivity
ADDED from src\main\AndroidManifest.xml:47:9-70
	android:name
		ADDED from src\main\AndroidManifest.xml:47:19-67
activity#com.example.ysl.mywps.ui.activity.DocumentTurnActivity
ADDED from src\main\AndroidManifest.xml:48:9-70
	android:name
		ADDED from src\main\AndroidManifest.xml:48:19-67
activity#com.example.ysl.mywps.ui.activity.StayToDoActivity
ADDED from src\main\AndroidManifest.xml:49:9-51:25
	android:launchMode
		ADDED from src\main\AndroidManifest.xml:50:13-44
	android:name
		ADDED from src\main\AndroidManifest.xml:49:19-63
activity#com.example.ysl.mywps.ui.activity.WpsDetailActivity
ADDED from src\main\AndroidManifest.xml:52:9-76
	android:name
		ADDED from src\main\AndroidManifest.xml:52:19-64
activity#com.example.ysl.mywps.ui.activity.SignActivity
ADDED from src\main\AndroidManifest.xml:53:9-71
	android:name
		ADDED from src\main\AndroidManifest.xml:53:19-59
activity#com.example.ysl.mywps.ui.activity.CommitActivity
ADDED from src\main\AndroidManifest.xml:54:9-73
	android:name
		ADDED from src\main\AndroidManifest.xml:54:19-61
activity#com.example.ysl.mywps.ui.activity.FlowActivity
ADDED from src\main\AndroidManifest.xml:55:9-71
	android:name
		ADDED from src\main\AndroidManifest.xml:55:19-59
activity#com.example.ysl.mywps.ui.activity.ContactActivity
ADDED from src\main\AndroidManifest.xml:56:9-57:25
	android:name
		ADDED from src\main\AndroidManifest.xml:56:19-62
activity#com.example.ysl.mywps.ui.activity.MaterialActivity
ADDED from src\main\AndroidManifest.xml:58:9-75
	android:name
		ADDED from src\main\AndroidManifest.xml:58:19-63
activity#com.example.ysl.mywps.ui.activity.SearchActivity
ADDED from src\main\AndroidManifest.xml:59:9-73
	android:name
		ADDED from src\main\AndroidManifest.xml:59:19-61
activity#com.example.ysl.mywps.ui.activity.LoginActivity
ADDED from src\main\AndroidManifest.xml:60:9-67:20
	android:name
		ADDED from src\main\AndroidManifest.xml:60:19-60
intent-filter#android.intent.action.MAIN+android.intent.category.LAUNCHER
ADDED from src\main\AndroidManifest.xml:62:13-66:29
action#android.intent.action.MAIN
ADDED from src\main\AndroidManifest.xml:63:17-69
	android:name
		ADDED from src\main\AndroidManifest.xml:63:25-66
category#android.intent.category.LAUNCHER
ADDED from src\main\AndroidManifest.xml:65:17-77
	android:name
		ADDED from src\main\AndroidManifest.xml:65:27-74
service#com.example.ysl.mywps.agent.AgentMessageService
ADDED from src\main\AndroidManifest.xml:69:9-73:19
	android:name
		ADDED from src\main\AndroidManifest.xml:69:18-59
intent-filter#cn.wps.moffice.agent.OfficeServiceAgent
ADDED from src\main\AndroidManifest.xml:70:13-72:29
action#cn.wps.moffice.agent.OfficeServiceAgent
ADDED from src\main\AndroidManifest.xml:71:17-89
	android:name
		ADDED from src\main\AndroidManifest.xml:71:25-79
service#com.example.ysl.mywps.client.MofficeClientService
ADDED from src\main\AndroidManifest.xml:74:9-78:19
	android:name
		ADDED from src\main\AndroidManifest.xml:74:18-61
intent-filter#cn.wps.moffice.client.OfficeServiceClient
ADDED from src\main\AndroidManifest.xml:75:13-77:29
action#cn.wps.moffice.client.OfficeServiceClient
ADDED from src\main\AndroidManifest.xml:76:17-84
	android:name
		ADDED from src\main\AndroidManifest.xml:76:25-81
receiver#com.example.ysl.mywps.receiver.WpsBroadCastReceiver
ADDED from src\main\AndroidManifest.xml:82:9-92:20
	android:name
		ADDED from src\main\AndroidManifest.xml:82:19-64
intent-filter#cn.wps.moffice.broadcast.AfterSaved+cn.wps.moffice.file.close+cn.wps.moffice.file.save+com.kingsoft.writer.back.key.down+com.kingsoft.writer.back.key.down+com.kingsoft.writer.home.key.down
ADDED from src\main\AndroidManifest.xml:83:13-91:29
action#com.kingsoft.writer.back.key.down
ADDED from src\main\AndroidManifest.xml:84:17-76
	android:name
		ADDED from src\main\AndroidManifest.xml:84:25-73
action#cn.wps.moffice.file.close
ADDED from src\main\AndroidManifest.xml:85:17-68
	android:name
		ADDED from src\main\AndroidManifest.xml:85:25-65
action#cn.wps.moffice.file.save
ADDED from src\main\AndroidManifest.xml:86:17-67
	android:name
		ADDED from src\main\AndroidManifest.xml:86:25-64
action#cn.wps.moffice.broadcast.AfterSaved
ADDED from src\main\AndroidManifest.xml:87:17-78
	android:name
		ADDED from src\main\AndroidManifest.xml:87:25-75
action#com.kingsoft.writer.home.key.down
ADDED from src\main\AndroidManifest.xml:89:17-76
	android:name
		ADDED from src\main\AndroidManifest.xml:89:25-73
receiver#com.example.ysl.mywps.receiver.MyJipushReceiver
ADDED from src\main\AndroidManifest.xml:93:9-104:20
	android:enabled
		ADDED from src\main\AndroidManifest.xml:95:13-35
	android:name
		ADDED from src\main\AndroidManifest.xml:94:13-54
intent-filter#cn.jpush.android.intent.CONNECTION+cn.jpush.android.intent.NOTIFICATION_CLICK_ACTION+cn.jpush.android.intent.NOTIFICATION_OPENED+cn.jpush.android.intent.NOTIFICATION_RECEIVED+cn.jpush.android.intent.REGISTRATION+com.example.ysl.mywps
ADDED from src\main\AndroidManifest.xml:96:13-103:29
action#cn.jpush.android.intent.REGISTRATION
ADDED from src\main\AndroidManifest.xml:97:17-79
	android:name
		ADDED from src\main\AndroidManifest.xml:97:25-76
action#cn.jpush.android.intent.NOTIFICATION_RECEIVED
ADDED from src\main\AndroidManifest.xml:98:17-88
	android:name
		ADDED from src\main\AndroidManifest.xml:98:25-85
action#cn.jpush.android.intent.NOTIFICATION_OPENED
ADDED from src\main\AndroidManifest.xml:99:17-86
	android:name
		ADDED from src\main\AndroidManifest.xml:99:25-83
action#cn.jpush.android.intent.NOTIFICATION_CLICK_ACTION
ADDED from src\main\AndroidManifest.xml:100:17-92
	android:name
		ADDED from src\main\AndroidManifest.xml:100:25-89
action#cn.jpush.android.intent.CONNECTION
ADDED from src\main\AndroidManifest.xml:101:17-77
	android:name
		ADDED from src\main\AndroidManifest.xml:101:25-74
category#com.example.ysl.mywps
ADDED from src\main\AndroidManifest.xml:102:17-66
	android:name
		ADDED from src\main\AndroidManifest.xml:102:27-63
receiver#com.example.ysl.mywps.receiver.TalkReceiver
ADDED from src\main\AndroidManifest.xml:105:9-112:20
	android:enabled
		ADDED from src\main\AndroidManifest.xml:107:13-35
	android:name
		ADDED from src\main\AndroidManifest.xml:106:13-50
intent-filter#cn.jpush.android.intent.MESSAGE_RECEIVED+com.example.ysl.mywps
ADDED from src\main\AndroidManifest.xml:108:13-111:29
action#cn.jpush.android.intent.MESSAGE_RECEIVED
ADDED from src\main\AndroidManifest.xml:109:17-83
	android:name
		ADDED from src\main\AndroidManifest.xml:109:25-80
provider#com.example.ysl.mywps.provider.UploadProvider
ADDED from src\main\AndroidManifest.xml:114:9-118:15
	android:authorities
		ADDED from src\main\AndroidManifest.xml:115:13-63
	android:exported
		ADDED from src\main\AndroidManifest.xml:117:13-36
	android:name
		ADDED from src\main\AndroidManifest.xml:116:13-73
provider#com.example.ysl.mywps.provider.DownLoadProvider
ADDED from src\main\AndroidManifest.xml:119:9-123:15
	android:authorities
		ADDED from src\main\AndroidManifest.xml:120:13-70
	android:exported
		ADDED from src\main\AndroidManifest.xml:122:13-36
	android:name
		ADDED from src\main\AndroidManifest.xml:121:13-75
uses-sdk
INJECTED from src\main\AndroidManifest.xml reason: use-sdk injection requested
MERGED from [com.wang.avi:library:2.1.3] AndroidManifest.xml:7:5-9:41
MERGED from [com.jakewharton:butterknife:8.8.1] AndroidManifest.xml:5:5-43
MERGED from [io.reactivex.rxjava2:rxandroid:2.0.1] AndroidManifest.xml:19:5-43
MERGED from [com.orhanobut:logger:2.1.1] AndroidManifest.xml:6:5-43
MERGED from [cn.jiguang.sdk:jpush:3.1.1] AndroidManifest.xml:7:5-9:41
MERGED from [cn.jiguang.sdk:jcore:1.1.9] AndroidManifest.xml:7:5-9:41
MERGED from [MyWps:pulltoRefresh:unspecified] AndroidManifest.xml:7:5-9:40
MERGED from [MyWps:fit7:unspecified] AndroidManifest.xml:7:5-9:41
MERGED from [com.github.navasmdc:MaterialDesign:1.5] AndroidManifest.xml:7:5-9:41
MERGED from [com.rengwuxian.materialedittext:library:2.1.4] AndroidManifest.xml:6:5-8:41
MERGED from [com.android.support:appcompat-v7:26.0.0-alpha1] AndroidManifest.xml:21:5-23:78
MERGED from [com.android.support:support-v4:26.0.0-alpha1] AndroidManifest.xml:21:5-23:54
MERGED from [com.android.support:support-media-compat:26.0.0-alpha1] AndroidManifest.xml:21:5-23:63
MERGED from [com.android.support:support-fragment:26.0.0-alpha1] AndroidManifest.xml:21:5-23:60
MERGED from [com.android.support:support-core-ui:26.0.0-alpha1] AndroidManifest.xml:21:5-23:58
MERGED from [com.android.support:support-core-utils:26.0.0-alpha1] AndroidManifest.xml:21:5-23:61
MERGED from [com.android.support:animated-vector-drawable:26.0.0-alpha1] AndroidManifest.xml:20:5-44
MERGED from [com.android.support:support-vector-drawable:26.0.0-alpha1] AndroidManifest.xml:20:5-44
MERGED from [com.android.support:support-compat:26.0.0-alpha1] AndroidManifest.xml:21:5-23:58
	tools:overrideLibrary
		ADDED from [com.android.support:appcompat-v7:26.0.0-alpha1] AndroidManifest.xml:23:9-75
	android:targetSdkVersion
		INJECTED from src\main\AndroidManifest.xml
		INJECTED from src\main\AndroidManifest.xml
	android:minSdkVersion
		INJECTED from src\main\AndroidManifest.xml
		INJECTED from src\main\AndroidManifest.xml
uses-permission#${JPUSH_PKGNAME}.permission.JPUSH_MESSAGE
ADDED from [cn.jiguang.sdk:jpush:3.1.1] AndroidManifest.xml:16:5-81
	android:name
		ADDED from [cn.jiguang.sdk:jpush:3.1.1] AndroidManifest.xml:16:22-78
activity#cn.jpush.android.ui.PopWinActivity
ADDED from [cn.jiguang.sdk:jpush:3.1.1] AndroidManifest.xml:40:9-43:52
	android:exported
		ADDED from [cn.jiguang.sdk:jpush:3.1.1] AndroidManifest.xml:42:13-37
	android:theme
		ADDED from [cn.jiguang.sdk:jpush:3.1.1] AndroidManifest.xml:43:13-49
	android:name
		ADDED from [cn.jiguang.sdk:jpush:3.1.1] AndroidManifest.xml:41:13-62
activity#cn.jpush.android.ui.PushActivity
ADDED from [cn.jiguang.sdk:jpush:3.1.1] AndroidManifest.xml:46:9-57:20
	android:exported
		ADDED from [cn.jiguang.sdk:jpush:3.1.1] AndroidManifest.xml:49:13-37
	android:configChanges
		ADDED from [cn.jiguang.sdk:jpush:3.1.1] AndroidManifest.xml:48:13-63
	android:theme
		ADDED from [cn.jiguang.sdk:jpush:3.1.1] AndroidManifest.xml:50:13-60
	android:name
		ADDED from [cn.jiguang.sdk:jpush:3.1.1] AndroidManifest.xml:47:13-60
intent-filter#${JPUSH_PKGNAME}+android.intent.category.DEFAULT+cn.jpush.android.ui.PushActivity
ADDED from [cn.jiguang.sdk:jpush:3.1.1] AndroidManifest.xml:51:13-56:29
action#cn.jpush.android.ui.PushActivity
ADDED from [cn.jiguang.sdk:jpush:3.1.1] AndroidManifest.xml:52:17-75
	android:name
		ADDED from [cn.jiguang.sdk:jpush:3.1.1] AndroidManifest.xml:52:25-72
category#android.intent.category.DEFAULT
ADDED from [cn.jiguang.sdk:jpush:3.1.1] AndroidManifest.xml:54:17-76
	android:name
		ADDED from [cn.jiguang.sdk:jpush:3.1.1] AndroidManifest.xml:54:27-73
category#${JPUSH_PKGNAME}
ADDED from [cn.jiguang.sdk:jpush:3.1.1] AndroidManifest.xml:55:17-61
	android:name
		ADDED from [cn.jiguang.sdk:jpush:3.1.1] AndroidManifest.xml:55:27-58
service#cn.jpush.android.service.PushService
ADDED from [cn.jiguang.sdk:jpush:3.1.1] AndroidManifest.xml:60:9-71:19
	android:enabled
		ADDED from [cn.jiguang.sdk:jpush:3.1.1] AndroidManifest.xml:62:13-35
	android:process
		ADDED from [cn.jiguang.sdk:jpush:3.1.1] AndroidManifest.xml:64:13-40
	android:exported
		ADDED from [cn.jiguang.sdk:jpush:3.1.1] AndroidManifest.xml:63:13-37
	android:name
		ADDED from [cn.jiguang.sdk:jpush:3.1.1] AndroidManifest.xml:61:13-64
intent-filter#cn.jpush.android.intent.PUSH_TIME+cn.jpush.android.intent.PushService+cn.jpush.android.intent.REGISTER+cn.jpush.android.intent.REPORT
ADDED from [cn.jiguang.sdk:jpush:3.1.1] AndroidManifest.xml:65:13-70:29
action#cn.jpush.android.intent.REGISTER
ADDED from [cn.jiguang.sdk:jpush:3.1.1] AndroidManifest.xml:66:17-75
	android:name
		ADDED from [cn.jiguang.sdk:jpush:3.1.1] AndroidManifest.xml:66:25-72
action#cn.jpush.android.intent.REPORT
ADDED from [cn.jiguang.sdk:jpush:3.1.1] AndroidManifest.xml:67:17-73
	android:name
		ADDED from [cn.jiguang.sdk:jpush:3.1.1] AndroidManifest.xml:67:25-70
action#cn.jpush.android.intent.PushService
ADDED from [cn.jiguang.sdk:jpush:3.1.1] AndroidManifest.xml:68:17-78
	android:name
		ADDED from [cn.jiguang.sdk:jpush:3.1.1] AndroidManifest.xml:68:25-75
action#cn.jpush.android.intent.PUSH_TIME
ADDED from [cn.jiguang.sdk:jpush:3.1.1] AndroidManifest.xml:69:17-76
	android:name
		ADDED from [cn.jiguang.sdk:jpush:3.1.1] AndroidManifest.xml:69:25-73
service#cn.jpush.android.service.DaemonService
ADDED from [cn.jiguang.sdk:jpush:3.1.1] AndroidManifest.xml:75:9-84:19
	android:enabled
		ADDED from [cn.jiguang.sdk:jpush:3.1.1] AndroidManifest.xml:77:13-35
	android:exported
		ADDED from [cn.jiguang.sdk:jpush:3.1.1] AndroidManifest.xml:78:13-36
	android:name
		ADDED from [cn.jiguang.sdk:jpush:3.1.1] AndroidManifest.xml:76:13-66
intent-filter#${JPUSH_PKGNAME}+cn.jpush.android.intent.DaemonService
ADDED from [cn.jiguang.sdk:jpush:3.1.1] AndroidManifest.xml:79:13-83:29
action#cn.jpush.android.intent.DaemonService
ADDED from [cn.jiguang.sdk:jpush:3.1.1] AndroidManifest.xml:80:17-80
	android:name
		ADDED from [cn.jiguang.sdk:jpush:3.1.1] AndroidManifest.xml:80:25-77
receiver#cn.jpush.android.service.PushReceiver
ADDED from [cn.jiguang.sdk:jpush:3.1.1] AndroidManifest.xml:87:9-106:20
	android:enabled
		ADDED from [cn.jiguang.sdk:jpush:3.1.1] AndroidManifest.xml:89:13-35
	android:exported
		ADDED from [cn.jiguang.sdk:jpush:3.1.1] AndroidManifest.xml:90:13-37
	android:name
		ADDED from [cn.jiguang.sdk:jpush:3.1.1] AndroidManifest.xml:88:13-65
intent-filter#${JPUSH_PKGNAME}+cn.jpush.android.intent.NOTIFICATION_RECEIVED_PROXY
ADDED from [cn.jiguang.sdk:jpush:3.1.1] AndroidManifest.xml:91:13-94:29
	android:priority
		ADDED from [cn.jiguang.sdk:jpush:3.1.1] AndroidManifest.xml:91:28-51
action#cn.jpush.android.intent.NOTIFICATION_RECEIVED_PROXY
ADDED from [cn.jiguang.sdk:jpush:3.1.1] AndroidManifest.xml:92:17-94
	android:name
		ADDED from [cn.jiguang.sdk:jpush:3.1.1] AndroidManifest.xml:92:25-91
intent-filter#android.intent.action.USER_PRESENT+android.net.conn.CONNECTIVITY_CHANGE
ADDED from [cn.jiguang.sdk:jpush:3.1.1] AndroidManifest.xml:95:13-98:29
action#android.intent.action.USER_PRESENT
ADDED from [cn.jiguang.sdk:jpush:3.1.1] AndroidManifest.xml:96:17-77
	android:name
		ADDED from [cn.jiguang.sdk:jpush:3.1.1] AndroidManifest.xml:96:25-74
action#android.net.conn.CONNECTIVITY_CHANGE
ADDED from [cn.jiguang.sdk:jpush:3.1.1] AndroidManifest.xml:97:17-79
	android:name
		ADDED from [cn.jiguang.sdk:jpush:3.1.1] AndroidManifest.xml:97:25-76
intent-filter#android.intent.action.PACKAGE_ADDED+android.intent.action.PACKAGE_REMOVED
ADDED from [cn.jiguang.sdk:jpush:3.1.1] AndroidManifest.xml:100:13-105:29
action#android.intent.action.PACKAGE_ADDED
ADDED from [cn.jiguang.sdk:jpush:3.1.1] AndroidManifest.xml:101:17-78
	android:name
		ADDED from [cn.jiguang.sdk:jpush:3.1.1] AndroidManifest.xml:101:25-75
action#android.intent.action.PACKAGE_REMOVED
ADDED from [cn.jiguang.sdk:jpush:3.1.1] AndroidManifest.xml:102:17-80
	android:name
		ADDED from [cn.jiguang.sdk:jpush:3.1.1] AndroidManifest.xml:102:25-77
data
ADDED from [cn.jiguang.sdk:jpush:3.1.1] AndroidManifest.xml:104:17-50
	android:scheme
		ADDED from [cn.jiguang.sdk:jpush:3.1.1] AndroidManifest.xml:104:23-47
receiver#cn.jpush.android.service.AlarmReceiver
ADDED from [cn.jiguang.sdk:jpush:3.1.1] AndroidManifest.xml:109:9-111:40
	android:exported
		ADDED from [cn.jiguang.sdk:jpush:3.1.1] AndroidManifest.xml:111:13-37
	android:name
		ADDED from [cn.jiguang.sdk:jpush:3.1.1] AndroidManifest.xml:110:13-66
provider#cn.jpush.android.service.DataProvider
ADDED from [cn.jiguang.sdk:jpush:3.1.1] AndroidManifest.xml:113:9-116:40
	android:authorities
		ADDED from [cn.jiguang.sdk:jpush:3.1.1] AndroidManifest.xml:115:13-64
	android:exported
		ADDED from [cn.jiguang.sdk:jpush:3.1.1] AndroidManifest.xml:116:13-37
	android:name
		ADDED from [cn.jiguang.sdk:jpush:3.1.1] AndroidManifest.xml:114:13-65
provider#cn.jpush.android.service.DownloadProvider
ADDED from [cn.jiguang.sdk:jpush:3.1.1] AndroidManifest.xml:118:9-121:39
	android:authorities
		ADDED from [cn.jiguang.sdk:jpush:3.1.1] AndroidManifest.xml:120:13-68
	android:exported
		ADDED from [cn.jiguang.sdk:jpush:3.1.1] AndroidManifest.xml:121:13-36
	android:name
		ADDED from [cn.jiguang.sdk:jpush:3.1.1] AndroidManifest.xml:119:13-69
meta-data#JPUSH_CHANNEL
ADDED from [cn.jiguang.sdk:jpush:3.1.1] AndroidManifest.xml:124:9-126:48
	android:value
		ADDED from [cn.jiguang.sdk:jpush:3.1.1] AndroidManifest.xml:126:13-45
	android:name
		ADDED from [cn.jiguang.sdk:jpush:3.1.1] AndroidManifest.xml:125:13-41
meta-data#JPUSH_APPKEY
ADDED from [cn.jiguang.sdk:jpush:3.1.1] AndroidManifest.xml:127:9-129:47
	android:value
		ADDED from [cn.jiguang.sdk:jpush:3.1.1] AndroidManifest.xml:129:13-44
	android:name
		ADDED from [cn.jiguang.sdk:jpush:3.1.1] AndroidManifest.xml:128:13-40
provider#android.support.v4.content.FileProvider
ADDED from [MyWps:fit7:unspecified] AndroidManifest.xml:12:9-20:20
	android:authorities
		ADDED from [MyWps:fit7:unspecified] AndroidManifest.xml:14:13-73
	android:grantUriPermissions
		ADDED from [MyWps:fit7:unspecified] AndroidManifest.xml:16:13-47
	android:exported
		ADDED from [MyWps:fit7:unspecified] AndroidManifest.xml:15:13-37
	android:name
		ADDED from [MyWps:fit7:unspecified] AndroidManifest.xml:13:13-67
meta-data#android.support.FILE_PROVIDER_PATHS
ADDED from [MyWps:fit7:unspecified] AndroidManifest.xml:17:13-19:54
	android:resource
		ADDED from [MyWps:fit7:unspecified] AndroidManifest.xml:19:17-51
	android:name
		ADDED from [MyWps:fit7:unspecified] AndroidManifest.xml:18:17-67
meta-data#android.support.VERSION
ADDED from [com.android.support:appcompat-v7:26.0.0-alpha1] AndroidManifest.xml:25:5-27:41
MERGED from [com.android.support:support-v4:26.0.0-alpha1] AndroidManifest.xml:25:5-27:41
MERGED from [com.android.support:support-media-compat:26.0.0-alpha1] AndroidManifest.xml:25:5-27:41
MERGED from [com.android.support:support-fragment:26.0.0-alpha1] AndroidManifest.xml:25:5-27:41
MERGED from [com.android.support:support-core-ui:26.0.0-alpha1] AndroidManifest.xml:25:5-27:41
MERGED from [com.android.support:support-core-utils:26.0.0-alpha1] AndroidManifest.xml:25:5-27:41
MERGED from [com.android.support:animated-vector-drawable:26.0.0-alpha1] AndroidManifest.xml:22:5-24:41
MERGED from [com.android.support:support-vector-drawable:26.0.0-alpha1] AndroidManifest.xml:22:5-24:41
MERGED from [com.android.support:support-compat:26.0.0-alpha1] AndroidManifest.xml:25:5-27:41
	android:value
		ADDED from [com.android.support:appcompat-v7:26.0.0-alpha1] AndroidManifest.xml:27:9-38
	android:name
		ADDED from [com.android.support:appcompat-v7:26.0.0-alpha1] AndroidManifest.xml:26:9-47